<?xml version="1.0" encoding="UTF-8"?>
<!-- Generated by org.testng.reporters.JUnitReportReporter -->
<testsuite hostname="Aelaina" failures="0" tests="1" name="seleniumJava.restApi" time="0.007" errors="0" timestamp="2023-08-24T01:21:08 EDT" skipped="0">
  <testcase classname="seleniumJava.restApi" name="restApiDeleteTwitterTest" time="0.007"/>
  <system-out/>
</testsuite> <!-- seleniumJava.restApi -->
