<?xml version="1.0" encoding="UTF-8"?>
<!-- Generated by org.testng.reporters.JUnitReportReporter -->
<testsuite hostname="Aelaina" failures="0" tests="2" name="seleniumJava.appiumTest" time="0.011" errors="0" timestamp="2023-08-27T22:25:13 EDT" skipped="0">
  <testcase classname="seleniumJava.appiumTest" name="appiumNativeApp" time="0.002"/>
  <system-out/>
  <testcase classname="seleniumJava.appiumTest" name="appiumIosApp" time="0.009"/>
  <system-out/>
</testsuite> <!-- seleniumJava.appiumTest -->
