<?xml version="1.0" encoding="UTF-8"?>
<!-- Generated by org.testng.reporters.JUnitReportReporter -->
<testsuite hostname="Aelaina" failures="0" tests="2" name="seleniumJava.restApiTest" time="0.002" errors="0" timestamp="2023-08-27T22:25:13 EDT" skipped="0">
  <testcase classname="seleniumJava.restApiTest" name="restApiPostjira" time="0.001"/>
  <system-out/>
  <testcase classname="seleniumJava.restApiTest" name="restApiDeleteTwitter" time="0.001"/>
  <system-out/>
</testsuite> <!-- seleniumJava.restApiTest -->
