<?xml version="1.0" encoding="UTF-8"?>
<!-- Generated by org.testng.reporters.JUnitReportReporter -->
<testsuite hostname="Aelaina" failures="0" tests="2" name="seleniumJava.seleniumTest" time="0.000" errors="0" timestamp="2023-09-01T22:19:17 EDT" skipped="0">
  <testcase classname="seleniumJava.seleniumTest" name="seleniumElement" time="0.000"/>
  <testcase classname="seleniumJava.seleniumTest" name="seleniumBrowse" time="0.000"/>
</testsuite> <!-- seleniumJava.seleniumTest -->
