<?xml version="1.0" encoding="UTF-8"?>
<!-- Generated by org.testng.reporters.JUnitReportReporter -->
<testsuite hostname="Aelaina" failures="0" tests="1" name="seleniumJava.zampleTest" time="0.000" errors="0" timestamp="2023-09-01T22:18:23 EDT" skipped="0">
  <testcase classname="seleniumJava.zampleTest" name="sampleToValidate" time="0.000"/>
</testsuite> <!-- seleniumJava.zampleTest -->
