<?xml version="1.0" encoding="UTF-8"?>
<!-- Generated by org.testng.reporters.JUnitReportReporter -->
<testsuite hostname="Aelaina" failures="0" tests="2" name="seleniumJava.appiumTest" time="0.005" errors="0" timestamp="2023-09-01T22:19:17 EDT" skipped="0">
  <testcase classname="seleniumJava.appiumTest" name="appiumIosApp" time="0.005"/>
  <testcase classname="seleniumJava.appiumTest" name="appiumNativeApp" time="0.000"/>
</testsuite> <!-- seleniumJava.appiumTest -->
